[debug] [2021-10-10T06:09:00.985Z] ----------------------------------------------------------------------
[debug] [2021-10-10T06:09:00.986Z] Command:       C:\Program Files\nodejs\node.exe C:\Users\red\AppData\Roaming\npm\node_modules\firebase-tools\lib\bin\firebase.js init
[debug] [2021-10-10T06:09:00.987Z] CLI Version:   9.20.0
[debug] [2021-10-10T06:09:00.987Z] Platform:      win32
[debug] [2021-10-10T06:09:00.987Z] Node Version:  v16.1.0
[debug] [2021-10-10T06:09:00.987Z] Time:          Sun Oct 10 2021 01:09:00 GMT-0500 (hora de verano central)
[debug] [2021-10-10T06:09:00.988Z] ----------------------------------------------------------------------
[debug] 
[debug] [2021-10-10T06:09:00.992Z] > command requires scopes: ["email","openid","https://www.googleapis.com/auth/cloudplatformprojects.readonly","https://www.googleapis.com/auth/firebase","https://www.googleapis.com/auth/cloud-platform"]
[debug] [2021-10-10T06:09:00.993Z] > authorizing via signed-in user (ired202@gmail.com)
[info] 
     ######## #### ########  ######## ########     ###     ######  ########
     ##        ##  ##     ## ##       ##     ##  ##   ##  ##       ##
     ######    ##  ########  ######   ########  #########  ######  ######
     ##        ##  ##    ##  ##       ##     ## ##     ##       ## ##
     ##       #### ##     ## ######## ########  ##     ##  ######  ########

You're about to initialize a Firebase project in this directory:

  C:\wamp64\www\oasys-1

Before we get started, keep in mind:

  * You are currently outside your home directory

[info] 
=== Project Setup
[info] 
[info] First, let's associate this project directory with a Firebase project.
[info] You can create multiple project aliases by running firebase use --add, 
[info] but for now we'll just set up a default project.
[info] 
[debug] [2021-10-10T06:09:16.207Z] > refreshing access token with scopes: []
[debug] [2021-10-10T06:09:16.209Z] >>> HTTP REQUEST POST https://www.googleapis.com/oauth2/v3/token  
 <request body omitted>
[debug] [2021-10-10T06:09:16.493Z] <<< HTTP RESPONSE 200 {"expires":"Mon, 01 Jan 1990 00:00:00 GMT","cache-control":"no-cache, no-store, max-age=0, must-revalidate","date":"Sun, 10 Oct 2021 06:09:16 GMT","pragma":"no-cache","content-type":"application/json; charset=utf-8","vary":"X-Origin, Referer, Origin,Accept-Encoding","server":"scaffolding on HTTPServer2","x-xss-protection":"0","x-frame-options":"SAMEORIGIN","x-content-type-options":"nosniff","alt-svc":"h3=\":443\"; ma=2592000,h3-29=\":443\"; ma=2592000,h3-T051=\":443\"; ma=2592000,h3-Q050=\":443\"; ma=2592000,h3-Q046=\":443\"; ma=2592000,h3-Q043=\":443\"; ma=2592000,quic=\":443\"; ma=2592000; v=\"46,43\"","accept-ranges":"none","transfer-encoding":"chunked"}
[debug] [2021-10-10T06:09:16.546Z] >>> [apiv2][query] GET https://firebase.googleapis.com/v1beta1/projects pageSize=100
[debug] [2021-10-10T06:09:16.964Z] <<< [apiv2][status] GET https://firebase.googleapis.com/v1beta1/projects 200
[debug] [2021-10-10T06:09:16.965Z] <<< [apiv2][body] GET https://firebase.googleapis.com/v1beta1/projects [omitted]
[info] i  Using project paginaweb-9d53b (Paginaweb) 
[info] 
=== Hosting:github Setup
[info] 
[info] i  Detected a .git folder at C:\wamp64\www\oasys-1 
[info] i  Authorizing with GitHub to upload your service account to a GitHub repository's secrets store. 
[info] 
[info] Visit this URL on this device to log in:
[info] https://github.com/login/oauth/authorize?client_id=89cf50f02ac6aaed3484&state=83132898&redirect_uri=http%3A%2F%2Flocalhost%3A9005&scope=read%3Auser%20repo%20public_repo
[info] 
[info] Waiting for authentication...
[debug] [2021-10-10T06:09:26.611Z] >>> HTTP REQUEST POST https://github.com/login/oauth/access_token  
 {"client_id":"89cf50f02ac6aaed3484","client_secret":"3330d14abc895d9a74d5f17cd7a00711fa2c5bf0","code":"ab1664e79b689d054be6","redirect_uri":"http://localhost:9005","state":"83132898"}
[debug] [2021-10-10T06:09:27.077Z] <<< HTTP RESPONSE 200 {"server":"GitHub.com","date":"Sun, 10 Oct 2021 06:09:26 GMT","content-type":"application/json; charset=utf-8","transfer-encoding":"chunked","vary":"X-PJAX, X-PJAX-Container, Accept-Encoding, Accept, X-Requested-With","permissions-policy":"interest-cohort=()","etag":"W/\"46523353ad637f10ce0d19be84e48e2e\"","cache-control":"max-age=0, private, must-revalidate","strict-transport-security":"max-age=31536000; includeSubdomains; preload","x-frame-options":"deny","x-content-type-options":"nosniff","x-xss-protection":"0","referrer-policy":"origin-when-cross-origin, strict-origin-when-cross-origin","expect-ct":"max-age=2592000, report-uri=\"https://api.github.com/_private/browser/errors\"","content-security-policy":"default-src 'none'; base-uri 'self'; block-all-mixed-content; child-src github.com/assets-cdn/worker/ gist.github.com/assets-cdn/worker/; connect-src 'self' uploads.github.com objects-origin.githubusercontent.com www.githubstatus.com collector.githubapp.com api.github.com github-cloud.s3.amazonaws.com github-production-repository-file-5c1aeb.s3.amazonaws.com github-production-upload-manifest-file-7fdce7.s3.amazonaws.com github-production-user-asset-6210df.s3.amazonaws.com cdn.optimizely.com logx.optimizely.com/v1/events translator.github.com wss://alive.github.com; font-src github.githubassets.com; form-action 'self' github.com gist.github.com objects-origin.githubusercontent.com; frame-ancestors 'none'; frame-src render.githubusercontent.com viewscreen.githubusercontent.com viewscreen-lab.githubusercontent.com; img-src 'self' data: github.githubassets.com identicons.github.com collector.githubapp.com github-cloud.s3.amazonaws.com secured-user-images.githubusercontent.com/ *.githubusercontent.com; manifest-src 'self'; media-src github.com user-images.githubusercontent.com/; script-src github.githubassets.com; style-src 'unsafe-inline' github.githubassets.com; worker-src github.com/assets-cdn/worker/ gist.github.com/assets-cdn/worker/ github.com/socket-worker-0af8a29d.js gist.github.com/socket-worker-0af8a29d.js","x-github-request-id":"EA13:5439:B4DDE4:166A6E2:61628396"}
[debug] [2021-10-10T06:09:27.086Z] >>> [apiv2][query] GET https://api.github.com/user [none]
[debug] [2021-10-10T06:09:27.644Z] <<< [apiv2][status] GET https://api.github.com/user 200
[debug] [2021-10-10T06:09:27.645Z] <<< [apiv2][body] GET https://api.github.com/user {"login":"isaacredabd","id":64941683,"node_id":"MDQ6VXNlcjY0OTQxNjgz","avatar_url":"https://avatars.githubusercontent.com/u/64941683?v=4","gravatar_id":"","url":"https://api.github.com/users/isaacredabd","html_url":"https://github.com/isaacredabd","followers_url":"https://api.github.com/users/isaacredabd/followers","following_url":"https://api.github.com/users/isaacredabd/following{/other_user}","gists_url":"https://api.github.com/users/isaacredabd/gists{/gist_id}","starred_url":"https://api.github.com/users/isaacredabd/starred{/owner}{/repo}","subscriptions_url":"https://api.github.com/users/isaacredabd/subscriptions","organizations_url":"https://api.github.com/users/isaacredabd/orgs","repos_url":"https://api.github.com/users/isaacredabd/repos","events_url":"https://api.github.com/users/isaacredabd/events{/privacy}","received_events_url":"https://api.github.com/users/isaacredabd/received_events","type":"User","site_admin":false,"name":null,"company":null,"blog":"","location":null,"email":null,"hireable":null,"bio":null,"twitter_username":null,"public_repos":9,"public_gists":0,"followers":0,"following":0,"created_at":"2020-05-07T03:00:26Z","updated_at":"2021-10-08T01:34:26Z","private_gists":0,"total_private_repos":2,"owned_private_repos":2,"disk_usage":3000,"collaborators":0,"two_factor_authentication":false,"plan":{"name":"free","space":976562499,"collaborators":0,"private_repos":10000}}
[info] 
[info] +  Success! Logged into GitHub as isaacredabd 
[info] 
[debug] [2021-10-10T06:09:32.240Z] >>> [apiv2][query] GET https://api.github.com/repos//actions/secrets/public-key type=owner
[debug] [2021-10-10T06:09:32.652Z] <<< [apiv2][status] GET https://api.github.com/repos//actions/secrets/public-key 404
[debug] [2021-10-10T06:09:32.652Z] <<< [apiv2][body] GET https://api.github.com/repos//actions/secrets/public-key {"message":"Not Found","documentation_url":"https://docs.github.com/rest"}
[debug] [2021-10-10T06:09:35.191Z] >>> [apiv2][query] GET https://api.github.com/repos//actions/secrets/public-key type=owner
[debug] [2021-10-10T06:09:35.574Z] <<< [apiv2][status] GET https://api.github.com/repos//actions/secrets/public-key 404
[debug] [2021-10-10T06:09:35.575Z] <<< [apiv2][body] GET https://api.github.com/repos//actions/secrets/public-key {"message":"Not Found","documentation_url":"https://docs.github.com/rest"}
[debug] [2021-10-10T06:09:39.681Z] >>> [apiv2][query] GET https://api.github.com/repos//actions/secrets/public-key type=owner
[debug] [2021-10-10T06:09:40.108Z] <<< [apiv2][status] GET https://api.github.com/repos//actions/secrets/public-key 404
[debug] [2021-10-10T06:09:40.108Z] <<< [apiv2][body] GET https://api.github.com/repos//actions/secrets/public-key {"message":"Not Found","documentation_url":"https://docs.github.com/rest"}
[debug] [2021-10-10T06:09:48.886Z] >>> [apiv2][query] GET https://api.github.com/repos//actions/secrets/public-key type=owner
[debug] [2021-10-10T06:09:49.099Z] >>> [apiv2][query] GET https://api.github.com/repos//actions/secrets/public-key type=owner
[debug] [2021-10-10T06:09:49.263Z] >>> [apiv2][query] GET https://api.github.com/repos//actions/secrets/public-key type=owner
[debug] [2021-10-10T06:09:49.300Z] <<< [apiv2][status] GET https://api.github.com/repos//actions/secrets/public-key 404
[debug] [2021-10-10T06:09:49.301Z] <<< [apiv2][body] GET https://api.github.com/repos//actions/secrets/public-key {"message":"Not Found","documentation_url":"https://docs.github.com/rest"}
[debug] [2021-10-10T06:09:49.437Z] >>> [apiv2][query] GET https://api.github.com/repos//actions/secrets/public-key type=owner
[debug] [2021-10-10T06:09:49.506Z] <<< [apiv2][status] GET https://api.github.com/repos//actions/secrets/public-key 404
[debug] [2021-10-10T06:09:49.507Z] <<< [apiv2][body] GET https://api.github.com/repos//actions/secrets/public-key {"message":"Not Found","documentation_url":"https://docs.github.com/rest"}
[debug] [2021-10-10T06:09:49.633Z] <<< [apiv2][status] GET https://api.github.com/repos//actions/secrets/public-key 404
[debug] [2021-10-10T06:09:49.633Z] <<< [apiv2][body] GET https://api.github.com/repos//actions/secrets/public-key {"message":"Not Found","documentation_url":"https://docs.github.com/rest"}
[debug] [2021-10-10T06:09:49.850Z] <<< [apiv2][status] GET https://api.github.com/repos//actions/secrets/public-key 404
[debug] [2021-10-10T06:09:49.850Z] <<< [apiv2][body] GET https://api.github.com/repos//actions/secrets/public-key {"message":"Not Found","documentation_url":"https://docs.github.com/rest"}
[debug] [2021-10-10T06:09:50.446Z] >>> [apiv2][query] GET https://api.github.com/repos//actions/secrets/public-key type=owner
[debug] [2021-10-10T06:09:50.824Z] <<< [apiv2][status] GET https://api.github.com/repos//actions/secrets/public-key 404
[debug] [2021-10-10T06:09:50.824Z] <<< [apiv2][body] GET https://api.github.com/repos//actions/secrets/public-key {"message":"Not Found","documentation_url":"https://docs.github.com/rest"}
[debug] [2021-10-10T06:09:50.829Z] >>> [apiv2][query] GET https://api.github.com/repos//actions/secrets/public-key type=owner
[debug] [2021-10-10T06:09:51.198Z] <<< [apiv2][status] GET https://api.github.com/repos//actions/secrets/public-key 404
[debug] [2021-10-10T06:09:51.198Z] <<< [apiv2][body] GET https://api.github.com/repos//actions/secrets/public-key {"message":"Not Found","documentation_url":"https://docs.github.com/rest"}
[debug] [2021-10-10T06:09:51.260Z] >>> [apiv2][query] GET https://api.github.com/repos//actions/secrets/public-key type=owner
[debug] [2021-10-10T06:09:51.584Z] >>> [apiv2][query] GET https://api.github.com/repos//actions/secrets/public-key type=owner
[debug] [2021-10-10T06:09:51.671Z] <<< [apiv2][status] GET https://api.github.com/repos//actions/secrets/public-key 404
[debug] [2021-10-10T06:09:51.672Z] <<< [apiv2][body] GET https://api.github.com/repos//actions/secrets/public-key {"message":"Not Found","documentation_url":"https://docs.github.com/rest"}
[debug] [2021-10-10T06:09:51.992Z] <<< [apiv2][status] GET https://api.github.com/repos//actions/secrets/public-key 404
[debug] [2021-10-10T06:09:51.993Z] <<< [apiv2][body] GET https://api.github.com/repos//actions/secrets/public-key {"message":"Not Found","documentation_url":"https://docs.github.com/rest"}
[debug] [2021-10-10T06:09:52.230Z] >>> [apiv2][query] GET https://api.github.com/repos//actions/secrets/public-key type=owner
[debug] [2021-10-10T06:09:52.409Z] >>> [apiv2][query] GET https://api.github.com/repos//actions/secrets/public-key type=owner
[debug] [2021-10-10T06:09:52.659Z] <<< [apiv2][status] GET https://api.github.com/repos//actions/secrets/public-key 404
[debug] [2021-10-10T06:09:52.659Z] <<< [apiv2][body] GET https://api.github.com/repos//actions/secrets/public-key {"message":"Not Found","documentation_url":"https://docs.github.com/rest"}
[debug] [2021-10-10T06:09:52.784Z] <<< [apiv2][status] GET https://api.github.com/repos//actions/secrets/public-key 404
[debug] [2021-10-10T06:09:52.784Z] <<< [apiv2][body] GET https://api.github.com/repos//actions/secrets/public-key {"message":"Not Found","documentation_url":"https://docs.github.com/rest"}
[debug] [2021-10-10T06:09:57.607Z] >>> [apiv2][query] GET https://api.github.com/repos/yes/actions/secrets/public-key type=owner
[debug] [2021-10-10T06:09:57.985Z] <<< [apiv2][status] GET https://api.github.com/repos/yes/actions/secrets/public-key 404
[debug] [2021-10-10T06:09:57.986Z] <<< [apiv2][body] GET https://api.github.com/repos/yes/actions/secrets/public-key {"message":"Not Found","documentation_url":"https://docs.github.com/rest"}
[debug] [2021-10-10T06:10:57.866Z] >>> [apiv2][query] GET https://api.github.com/repos//actions/secrets/public-key type=owner
[debug] [2021-10-10T06:10:58.311Z] <<< [apiv2][status] GET https://api.github.com/repos//actions/secrets/public-key 404
[debug] [2021-10-10T06:10:58.312Z] <<< [apiv2][body] GET https://api.github.com/repos//actions/secrets/public-key {"message":"Not Found","documentation_url":"https://docs.github.com/rest"}
